Analysis & Synthesis report for Project2
Tue Nov 01 20:45:41 2016
Quartus II 64-Bit Version 13.0.1 Build 232 06/12/2013 Service Pack 1 SJ Web Edition


---------------------
; Table of Contents ;
---------------------
  1. Legal Notice
  2. Analysis & Synthesis Summary
  3. Analysis & Synthesis Settings
  4. Parallel Compilation
  5. Analysis & Synthesis Source Files Read
  6. Analysis & Synthesis Resource Usage Summary
  7. Analysis & Synthesis Resource Utilization by Entity
  8. Registers Removed During Synthesis
  9. General Register Statistics
 10. Parameter Settings for User Entity Instance: Top-level Entity: |Project2
 11. Parameter Settings for User Entity Instance: ClockDivider:clk_divider
 12. Parameter Settings for User Entity Instance: Register:pc
 13. Parameter Settings for User Entity Instance: InstMemory:instMem
 14. Parameter Settings for User Entity Instance: Controller:control
 15. Parameter Settings for User Entity Instance: Multiplexer:alumux
 16. Parameter Settings for User Entity Instance: Multiplexer:regmux
 17. Parameter Settings for User Entity Instance: Multiplexer:pcmux
 18. Parameter Settings for User Entity Instance: Adder:pcadder
 19. Parameter Settings for User Entity Instance: Adder:bradder
 20. Parameter Settings for User Entity Instance: BranchPicker:brpick
 21. Parameter Settings for User Entity Instance: LeftShift:lshift
 22. Parameter Settings for User Entity Instance: SignExtension:sext
 23. Parameter Settings for User Entity Instance: RegFile:registerFile
 24. Parameter Settings for User Entity Instance: ALU:mainALU
 25. Parameter Settings for User Entity Instance: DataMemory:comb_38
 26. Port Connectivity Checks: "DataMemory:comb_38"
 27. Port Connectivity Checks: "Adder:pcadder"
 28. Port Connectivity Checks: "Multiplexer:alumux"
 29. Port Connectivity Checks: "Register:pc"
 30. Elapsed Time Per Partition
 31. Analysis & Synthesis Messages



----------------
; Legal Notice ;
----------------
Copyright (C) 1991-2013 Altera Corporation
Your use of Altera Corporation's design tools, logic functions 
and other software and tools, and its AMPP partner logic 
functions, and any output files from any of the foregoing 
(including device programming or simulation files), and any 
associated documentation or information are expressly subject 
to the terms and conditions of the Altera Program License 
Subscription Agreement, Altera MegaCore Function License 
Agreement, or other applicable license agreement, including, 
without limitation, that your use is for the sole purpose of 
programming logic devices manufactured by Altera and sold by 
Altera or its authorized distributors.  Please refer to the 
applicable agreement for further details.



+---------------------------------------------------------------------------------------+
; Analysis & Synthesis Summary                                                          ;
+-------------------------------------+-------------------------------------------------+
; Analysis & Synthesis Status         ; Successful - Tue Nov 01 20:45:41 2016           ;
; Quartus II 64-Bit Version           ; 13.0.1 Build 232 06/12/2013 SP 1 SJ Web Edition ;
; Revision Name                       ; Project2                                        ;
; Top-level Entity Name               ; Project2                                        ;
; Family                              ; Cyclone V                                       ;
; Logic utilization (in ALMs)         ; N/A                                             ;
; Total registers                     ; 28                                              ;
; Total pins                          ; 53                                              ;
; Total virtual pins                  ; 0                                               ;
; Total block memory bits             ; 0                                               ;
; Total DSP Blocks                    ; 0                                               ;
; Total HSSI RX PCSs                  ; 0                                               ;
; Total HSSI PMA RX Deserializers     ; 0                                               ;
; Total HSSI PMA RX ATT Deserializers ; 0                                               ;
; Total HSSI TX PCSs                  ; 0                                               ;
; Total HSSI PMA TX Serializers       ; 0                                               ;
; Total HSSI PMA TX ATT Serializers   ; 0                                               ;
; Total PLLs                          ; 0                                               ;
; Total DLLs                          ; 0                                               ;
+-------------------------------------+-------------------------------------------------+


+---------------------------------------------------------------------------------------------------------------------------+
; Analysis & Synthesis Settings                                                                                             ;
+---------------------------------------------------------------------------------+--------------------+--------------------+
; Option                                                                          ; Setting            ; Default Value      ;
+---------------------------------------------------------------------------------+--------------------+--------------------+
; Device                                                                          ; 5CEBA4F23C7        ;                    ;
; Top-level entity name                                                           ; Project2           ; Project2           ;
; Family name                                                                     ; Cyclone V          ; Cyclone IV GX      ;
; Use smart compilation                                                           ; Off                ; Off                ;
; Enable parallel Assembler and TimeQuest Timing Analyzer during compilation      ; On                 ; On                 ;
; Enable compact report table                                                     ; Off                ; Off                ;
; Restructure Multiplexers                                                        ; Auto               ; Auto               ;
; MLAB Add Timing Constraints For Mixed-Port Feed-Through Mode Setting Don't Care ; Off                ; Off                ;
; Create Debugging Nodes for IP Cores                                             ; Off                ; Off                ;
; Preserve fewer node names                                                       ; On                 ; On                 ;
; Disable OpenCore Plus hardware evaluation                                       ; Off                ; Off                ;
; Verilog Version                                                                 ; Verilog_2001       ; Verilog_2001       ;
; VHDL Version                                                                    ; VHDL_1993          ; VHDL_1993          ;
; State Machine Processing                                                        ; Auto               ; Auto               ;
; Safe State Machine                                                              ; Off                ; Off                ;
; Extract Verilog State Machines                                                  ; On                 ; On                 ;
; Extract VHDL State Machines                                                     ; On                 ; On                 ;
; Ignore Verilog initial constructs                                               ; Off                ; Off                ;
; Iteration limit for constant Verilog loops                                      ; 5000               ; 5000               ;
; Iteration limit for non-constant Verilog loops                                  ; 250                ; 250                ;
; Add Pass-Through Logic to Inferred RAMs                                         ; On                 ; On                 ;
; Infer RAMs from Raw Logic                                                       ; On                 ; On                 ;
; Parallel Synthesis                                                              ; On                 ; On                 ;
; DSP Block Balancing                                                             ; Auto               ; Auto               ;
; NOT Gate Push-Back                                                              ; On                 ; On                 ;
; Power-Up Don't Care                                                             ; On                 ; On                 ;
; Remove Redundant Logic Cells                                                    ; Off                ; Off                ;
; Remove Duplicate Registers                                                      ; On                 ; On                 ;
; Ignore CARRY Buffers                                                            ; Off                ; Off                ;
; Ignore CASCADE Buffers                                                          ; Off                ; Off                ;
; Ignore GLOBAL Buffers                                                           ; Off                ; Off                ;
; Ignore ROW GLOBAL Buffers                                                       ; Off                ; Off                ;
; Ignore LCELL Buffers                                                            ; Off                ; Off                ;
; Ignore SOFT Buffers                                                             ; On                 ; On                 ;
; Limit AHDL Integers to 32 Bits                                                  ; Off                ; Off                ;
; Optimization Technique                                                          ; Balanced           ; Balanced           ;
; Carry Chain Length                                                              ; 70                 ; 70                 ;
; Auto Carry Chains                                                               ; On                 ; On                 ;
; Auto Open-Drain Pins                                                            ; On                 ; On                 ;
; Perform WYSIWYG Primitive Resynthesis                                           ; Off                ; Off                ;
; Auto ROM Replacement                                                            ; On                 ; On                 ;
; Auto RAM Replacement                                                            ; On                 ; On                 ;
; Auto DSP Block Replacement                                                      ; On                 ; On                 ;
; Auto Shift Register Replacement                                                 ; Auto               ; Auto               ;
; Allow Shift Register Merging across Hierarchies                                 ; Auto               ; Auto               ;
; Auto Clock Enable Replacement                                                   ; On                 ; On                 ;
; Strict RAM Replacement                                                          ; Off                ; Off                ;
; Allow Synchronous Control Signals                                               ; On                 ; On                 ;
; Force Use of Synchronous Clear Signals                                          ; Off                ; Off                ;
; Auto Resource Sharing                                                           ; Off                ; Off                ;
; Allow Any RAM Size For Recognition                                              ; Off                ; Off                ;
; Allow Any ROM Size For Recognition                                              ; Off                ; Off                ;
; Allow Any Shift Register Size For Recognition                                   ; Off                ; Off                ;
; Use LogicLock Constraints during Resource Balancing                             ; On                 ; On                 ;
; Ignore translate_off and synthesis_off directives                               ; Off                ; Off                ;
; Timing-Driven Synthesis                                                         ; On                 ; On                 ;
; Report Parameter Settings                                                       ; On                 ; On                 ;
; Report Source Assignments                                                       ; On                 ; On                 ;
; Report Connectivity Checks                                                      ; On                 ; On                 ;
; Ignore Maximum Fan-Out Assignments                                              ; Off                ; Off                ;
; Synchronization Register Chain Length                                           ; 3                  ; 3                  ;
; PowerPlay Power Optimization                                                    ; Normal compilation ; Normal compilation ;
; HDL message level                                                               ; Level2             ; Level2             ;
; Suppress Register Optimization Related Messages                                 ; Off                ; Off                ;
; Number of Removed Registers Reported in Synthesis Report                        ; 5000               ; 5000               ;
; Number of Swept Nodes Reported in Synthesis Report                              ; 5000               ; 5000               ;
; Number of Inverted Registers Reported in Synthesis Report                       ; 100                ; 100                ;
; Clock MUX Protection                                                            ; On                 ; On                 ;
; Auto Gated Clock Conversion                                                     ; Off                ; Off                ;
; Block Design Naming                                                             ; Auto               ; Auto               ;
; SDC constraint protection                                                       ; Off                ; Off                ;
; Synthesis Effort                                                                ; Auto               ; Auto               ;
; Shift Register Replacement - Allow Asynchronous Clear Signal                    ; On                 ; On                 ;
; Pre-Mapping Resynthesis Optimization                                            ; Off                ; Off                ;
; Analysis & Synthesis Message Level                                              ; Medium             ; Medium             ;
; Disable Register Merging Across Hierarchies                                     ; Auto               ; Auto               ;
; Resource Aware Inference For Block RAM                                          ; On                 ; On                 ;
; Synthesis Seed                                                                  ; 1                  ; 1                  ;
; Automatic Parallel Synthesis                                                    ; Off                ; Off                ;
+---------------------------------------------------------------------------------+--------------------+--------------------+


Parallel compilation was disabled, but you have multiple processors available. Enable parallel compilation to reduce compilation time.
+-------------------------------------+
; Parallel Compilation                ;
+----------------------------+--------+
; Processors                 ; Number ;
+----------------------------+--------+
; Number detected on machine ; 8      ;
; Maximum allowed            ; 1      ;
+----------------------------+--------+


+---------------------------------------------------------------------------------------------------------------------------------------------------------------------+
; Analysis & Synthesis Source Files Read                                                                                                                              ;
+----------------------------------+-----------------+------------------------------+-----------------------------------------------------------------------+---------+
; File Name with User-Entered Path ; Used in Netlist ; File Type                    ; File Name with Absolute Path                                          ; Library ;
+----------------------------------+-----------------+------------------------------+-----------------------------------------------------------------------+---------+
; SignExtension.v                  ; yes             ; User Verilog HDL File        ; C:/Users/Yuanhan/Documents/2016-2017/CS 3220/Project2/SignExtension.v ;         ;
; Register.v                       ; yes             ; User Verilog HDL File        ; C:/Users/Yuanhan/Documents/2016-2017/CS 3220/Project2/Register.v      ;         ;
; Project2.v                       ; yes             ; User Verilog HDL File        ; C:/Users/Yuanhan/Documents/2016-2017/CS 3220/Project2/Project2.v      ;         ;
; InstMemory.v                     ; yes             ; User Verilog HDL File        ; C:/Users/Yuanhan/Documents/2016-2017/CS 3220/Project2/InstMemory.v    ;         ;
; DataMemory.v                     ; yes             ; User Verilog HDL File        ; C:/Users/Yuanhan/Documents/2016-2017/CS 3220/Project2/DataMemory.v    ;         ;
; ClockDivider.v                   ; yes             ; User Verilog HDL File        ; C:/Users/Yuanhan/Documents/2016-2017/CS 3220/Project2/ClockDivider.v  ;         ;
; ALU.v                            ; yes             ; User Verilog HDL File        ; C:/Users/Yuanhan/Documents/2016-2017/CS 3220/Project2/ALU.v           ;         ;
; Controller.v                     ; yes             ; User Verilog HDL File        ; C:/Users/Yuanhan/Documents/2016-2017/CS 3220/Project2/Controller.v    ;         ;
; Multiplexer.v                    ; yes             ; User Verilog HDL File        ; C:/Users/Yuanhan/Documents/2016-2017/CS 3220/Project2/Multiplexer.v   ;         ;
; Adder.v                          ; yes             ; User Verilog HDL File        ; C:/Users/Yuanhan/Documents/2016-2017/CS 3220/Project2/Adder.v         ;         ;
; LeftShift.v                      ; yes             ; User Verilog HDL File        ; C:/Users/Yuanhan/Documents/2016-2017/CS 3220/Project2/LeftShift.v     ;         ;
; RegFile.v                        ; yes             ; User Verilog HDL File        ; C:/Users/Yuanhan/Documents/2016-2017/CS 3220/Project2/RegFile.v       ;         ;
; BranchPicker.v                   ; yes             ; User Verilog HDL File        ; C:/Users/Yuanhan/Documents/2016-2017/CS 3220/Project2/BranchPicker.v  ;         ;
; hex2_7seg.v                      ; yes             ; Auto-Found Verilog HDL File  ; C:/Users/Yuanhan/Documents/2016-2017/CS 3220/Project2/hex2_7seg.v     ;         ;
+----------------------------------+-----------------+------------------------------+-----------------------------------------------------------------------+---------+


+--------------------------------------------------------------+
; Analysis & Synthesis Resource Usage Summary                  ;
+---------------------------------------------+----------------+
; Resource                                    ; Usage          ;
+---------------------------------------------+----------------+
; Estimate of Logic utilization (ALMs needed) ; 20             ;
;                                             ;                ;
; Combinational ALUT usage for logic          ; 34             ;
;     -- 7 input functions                    ; 0              ;
;     -- 6 input functions                    ; 5              ;
;     -- 5 input functions                    ; 1              ;
;     -- 4 input functions                    ; 0              ;
;     -- <=3 input functions                  ; 28             ;
;                                             ;                ;
; Dedicated logic registers                   ; 28             ;
;                                             ;                ;
; I/O pins                                    ; 53             ;
; Total DSP Blocks                            ; 0              ;
; Maximum fan-out node                        ; CLOCK_50~input ;
; Maximum fan-out                             ; 28             ;
; Total fan-out                               ; 228            ;
; Average fan-out                             ; 1.36           ;
+---------------------------------------------+----------------+


+-----------------------------------------------------------------------------------------------------------------------------------------------------------------------------+
; Analysis & Synthesis Resource Utilization by Entity                                                                                                                         ;
+-------------------------------+-------------------+--------------+-------------------+------------+------+--------------+------------------------------------+--------------+
; Compilation Hierarchy Node    ; LC Combinationals ; LC Registers ; Block Memory Bits ; DSP Blocks ; Pins ; Virtual Pins ; Full Hierarchy Name                ; Library Name ;
+-------------------------------+-------------------+--------------+-------------------+------------+------+--------------+------------------------------------+--------------+
; |Project2                     ; 34 (0)            ; 28 (0)       ; 0                 ; 0          ; 53   ; 0            ; |Project2                          ; work         ;
;    |ClockDivider:clk_divider| ; 34 (34)           ; 28 (28)      ; 0                 ; 0          ; 0    ; 0            ; |Project2|ClockDivider:clk_divider ; work         ;
+-------------------------------+-------------------+--------------+-------------------+------------+------+--------------+------------------------------------+--------------+
Note: For table entries with two numbers listed, the numbers in parentheses indicate the number of resources of the given type used by the specific entity alone. The numbers listed outside of parentheses indicate the total resources of the given type used by the specific entity and all of its sub-entities in the hierarchy.


+----------------------------------------------------------------------------------+
; Registers Removed During Synthesis                                               ;
+-----------------------------------------+----------------------------------------+
; Register name                           ; Reason for Removal                     ;
+-----------------------------------------+----------------------------------------+
; Register:pc|dataOut[0..31]              ; Stuck at GND due to stuck port data_in ;
; DataMemory:comb_38|addr_reg[0]          ; Lost fanout                            ;
; DataMemory:comb_38|key_reg[0]           ; Lost fanout                            ;
; DataMemory:comb_38|addr_reg[1..10]      ; Lost fanout                            ;
; DataMemory:comb_38|key_reg[1..31]       ; Lost fanout                            ;
; DataMemory:comb_38|sw_reg[0..31]        ; Lost fanout                            ;
; Total Number of Removed Registers = 107 ;                                        ;
+-----------------------------------------+----------------------------------------+


+------------------------------------------------------+
; General Register Statistics                          ;
+----------------------------------------------+-------+
; Statistic                                    ; Value ;
+----------------------------------------------+-------+
; Total registers                              ; 28    ;
; Number of registers using Synchronous Clear  ; 27    ;
; Number of registers using Synchronous Load   ; 0     ;
; Number of registers using Asynchronous Clear ; 0     ;
; Number of registers using Asynchronous Load  ; 0     ;
; Number of registers using Clock Enable       ; 0     ;
; Number of registers using Preset             ; 0     ;
+----------------------------------------------+-------+


+--------------------------------------------------------------------------+
; Parameter Settings for User Entity Instance: Top-level Entity: |Project2 ;
+---------------------+----------------------------------+-----------------+
; Parameter Name      ; Value                            ; Type            ;
+---------------------+----------------------------------+-----------------+
; width               ; 32                               ; Signed Integer  ;
; aluop_width         ; 5                                ; Signed Integer  ;
; imm_width           ; 16                               ; Signed Integer  ;
; DBITS               ; 32                               ; Signed Integer  ;
; INST_SIZE           ; 00000000000000000000000000000100 ; Unsigned Binary ;
; INST_BIT_WIDTH      ; 32                               ; Signed Integer  ;
; START_PC            ; 00000000000000000000000001000000 ; Unsigned Binary ;
; REG_INDEX_BIT_WIDTH ; 4                                ; Signed Integer  ;
; ADDR_KEY            ; 11110000000000000000000000010000 ; Unsigned Binary ;
; ADDR_SW             ; 11110000000000000000000000010100 ; Unsigned Binary ;
; ADDR_HEX            ; 11110000000000000000000000000000 ; Unsigned Binary ;
; ADDR_LEDR           ; 11110000000000000000000000000100 ; Unsigned Binary ;
; IMEM_INIT_FILE      ; Sorter2.mif                      ; String          ;
; IMEM_ADDR_BIT_WIDTH ; 11                               ; Signed Integer  ;
; IMEM_DATA_BIT_WIDTH ; 32                               ; Signed Integer  ;
; IMEM_PC_BITS_HI     ; 13                               ; Signed Integer  ;
; IMEM_PC_BITS_LO     ; 2                                ; Signed Integer  ;
; DMEMADDRBITS        ; 13                               ; Signed Integer  ;
; DMEMWORDBITS        ; 2                                ; Signed Integer  ;
; DMEMWORDS           ; 2048                             ; Signed Integer  ;
; OP1_ALUR            ; 0000                             ; Unsigned Binary ;
; OP1_ALUI            ; 1000                             ; Unsigned Binary ;
; OP1_CMPR            ; 0010                             ; Unsigned Binary ;
; OP1_CMPI            ; 1010                             ; Unsigned Binary ;
; OP1_BCOND           ; 0110                             ; Unsigned Binary ;
; OP1_SW              ; 0101                             ; Unsigned Binary ;
; OP1_LW              ; 1001                             ; Unsigned Binary ;
; OP1_JAL             ; 1011                             ; Unsigned Binary ;
+---------------------+----------------------------------+-----------------+
Note: In order to hide this table in the UI and the text report file, please set the "Show Parameter Settings in Synthesis Report" option in "Analysis and Synthesis Settings -> More Settings" to "Off".


+-----------------------------------------------------------------------+
; Parameter Settings for User Entity Instance: ClockDivider:clk_divider ;
+----------------+----------+-------------------------------------------+
; Parameter Name ; Value    ; Type                                      ;
+----------------+----------+-------------------------------------------+
; counter        ; 25000000 ; Signed Integer                            ;
+----------------+----------+-------------------------------------------+
Note: In order to hide this table in the UI and the text report file, please set the "Show Parameter Settings in Synthesis Report" option in "Analysis and Synthesis Settings -> More Settings" to "Off".


+----------------------------------------------------------+
; Parameter Settings for User Entity Instance: Register:pc ;
+----------------+-------+---------------------------------+
; Parameter Name ; Value ; Type                            ;
+----------------+-------+---------------------------------+
; BIT_WIDTH      ; 32    ; Signed Integer                  ;
; RESET_VALUE    ; 0     ; Signed Integer                  ;
+----------------+-------+---------------------------------+
Note: In order to hide this table in the UI and the text report file, please set the "Show Parameter Settings in Synthesis Report" option in "Analysis and Synthesis Settings -> More Settings" to "Off".


+-----------------------------------------------------------------+
; Parameter Settings for User Entity Instance: InstMemory:instMem ;
+----------------+-----------+------------------------------------+
; Parameter Name ; Value     ; Type                               ;
+----------------+-----------+------------------------------------+
; MEM_INIT_FILE  ; Test2.mif ; String                             ;
; ADDR_BIT_WIDTH ; 11        ; Signed Integer                     ;
; DATA_BIT_WIDTH ; 32        ; Signed Integer                     ;
; N_WORDS        ; 2048      ; Signed Integer                     ;
+----------------+-----------+------------------------------------+
Note: In order to hide this table in the UI and the text report file, please set the "Show Parameter Settings in Synthesis Report" option in "Analysis and Synthesis Settings -> More Settings" to "Off".


+-----------------------------------------------------------------+
; Parameter Settings for User Entity Instance: Controller:control ;
+----------------+-------+----------------------------------------+
; Parameter Name ; Value ; Type                                   ;
+----------------+-------+----------------------------------------+
; ADD            ; 00000 ; Unsigned Binary                        ;
; SUB            ; 00001 ; Unsigned Binary                        ;
; AND            ; 00010 ; Unsigned Binary                        ;
; OR             ; 00011 ; Unsigned Binary                        ;
; XOR            ; 00100 ; Unsigned Binary                        ;
; NAND           ; 00101 ; Unsigned Binary                        ;
; NOR            ; 00110 ; Unsigned Binary                        ;
; XNOR           ; 00111 ; Unsigned Binary                        ;
; MVHI           ; 01000 ; Unsigned Binary                        ;
; F              ; 01001 ; Unsigned Binary                        ;
; EQ             ; 01010 ; Unsigned Binary                        ;
; LT             ; 01011 ; Unsigned Binary                        ;
; LTE            ; 01100 ; Unsigned Binary                        ;
; T              ; 01101 ; Unsigned Binary                        ;
; NE             ; 01110 ; Unsigned Binary                        ;
; GTE            ; 01111 ; Unsigned Binary                        ;
; GT             ; 10000 ; Unsigned Binary                        ;
; BEQZ           ; 10001 ; Unsigned Binary                        ;
; BLTZ           ; 10010 ; Unsigned Binary                        ;
; BLTEZ          ; 10011 ; Unsigned Binary                        ;
; BNEZ           ; 10100 ; Unsigned Binary                        ;
; BGTEZ          ; 10101 ; Unsigned Binary                        ;
; BGTZ           ; 10110 ; Unsigned Binary                        ;
; width          ; 32    ; Signed Integer                         ;
; aluop_width    ; 5     ; Signed Integer                         ;
; imm_width      ; 16    ; Signed Integer                         ;
+----------------+-------+----------------------------------------+
Note: In order to hide this table in the UI and the text report file, please set the "Show Parameter Settings in Synthesis Report" option in "Analysis and Synthesis Settings -> More Settings" to "Off".


+-----------------------------------------------------------------+
; Parameter Settings for User Entity Instance: Multiplexer:alumux ;
+----------------+-------+----------------------------------------+
; Parameter Name ; Value ; Type                                   ;
+----------------+-------+----------------------------------------+
; width          ; 32    ; Signed Integer                         ;
+----------------+-------+----------------------------------------+
Note: In order to hide this table in the UI and the text report file, please set the "Show Parameter Settings in Synthesis Report" option in "Analysis and Synthesis Settings -> More Settings" to "Off".


+-----------------------------------------------------------------+
; Parameter Settings for User Entity Instance: Multiplexer:regmux ;
+----------------+-------+----------------------------------------+
; Parameter Name ; Value ; Type                                   ;
+----------------+-------+----------------------------------------+
; width          ; 32    ; Signed Integer                         ;
+----------------+-------+----------------------------------------+
Note: In order to hide this table in the UI and the text report file, please set the "Show Parameter Settings in Synthesis Report" option in "Analysis and Synthesis Settings -> More Settings" to "Off".


+----------------------------------------------------------------+
; Parameter Settings for User Entity Instance: Multiplexer:pcmux ;
+----------------+-------+---------------------------------------+
; Parameter Name ; Value ; Type                                  ;
+----------------+-------+---------------------------------------+
; width          ; 32    ; Signed Integer                        ;
+----------------+-------+---------------------------------------+
Note: In order to hide this table in the UI and the text report file, please set the "Show Parameter Settings in Synthesis Report" option in "Analysis and Synthesis Settings -> More Settings" to "Off".


+------------------------------------------------------------+
; Parameter Settings for User Entity Instance: Adder:pcadder ;
+----------------+-------+-----------------------------------+
; Parameter Name ; Value ; Type                              ;
+----------------+-------+-----------------------------------+
; width          ; 32    ; Signed Integer                    ;
+----------------+-------+-----------------------------------+
Note: In order to hide this table in the UI and the text report file, please set the "Show Parameter Settings in Synthesis Report" option in "Analysis and Synthesis Settings -> More Settings" to "Off".


+------------------------------------------------------------+
; Parameter Settings for User Entity Instance: Adder:bradder ;
+----------------+-------+-----------------------------------+
; Parameter Name ; Value ; Type                              ;
+----------------+-------+-----------------------------------+
; width          ; 32    ; Signed Integer                    ;
+----------------+-------+-----------------------------------+
Note: In order to hide this table in the UI and the text report file, please set the "Show Parameter Settings in Synthesis Report" option in "Analysis and Synthesis Settings -> More Settings" to "Off".


+------------------------------------------------------------------+
; Parameter Settings for User Entity Instance: BranchPicker:brpick ;
+----------------+-------+-----------------------------------------+
; Parameter Name ; Value ; Type                                    ;
+----------------+-------+-----------------------------------------+
; width          ; 32    ; Signed Integer                          ;
+----------------+-------+-----------------------------------------+
Note: In order to hide this table in the UI and the text report file, please set the "Show Parameter Settings in Synthesis Report" option in "Analysis and Synthesis Settings -> More Settings" to "Off".


+---------------------------------------------------------------+
; Parameter Settings for User Entity Instance: LeftShift:lshift ;
+----------------+-------+--------------------------------------+
; Parameter Name ; Value ; Type                                 ;
+----------------+-------+--------------------------------------+
; width          ; 32    ; Signed Integer                       ;
+----------------+-------+--------------------------------------+
Note: In order to hide this table in the UI and the text report file, please set the "Show Parameter Settings in Synthesis Report" option in "Analysis and Synthesis Settings -> More Settings" to "Off".


+-----------------------------------------------------------------+
; Parameter Settings for User Entity Instance: SignExtension:sext ;
+----------------+-------+----------------------------------------+
; Parameter Name ; Value ; Type                                   ;
+----------------+-------+----------------------------------------+
; IN_BIT_WIDTH   ; 16    ; Signed Integer                         ;
; OUT_BIT_WIDTH  ; 32    ; Signed Integer                         ;
+----------------+-------+----------------------------------------+
Note: In order to hide this table in the UI and the text report file, please set the "Show Parameter Settings in Synthesis Report" option in "Analysis and Synthesis Settings -> More Settings" to "Off".


+-------------------------------------------------------------------+
; Parameter Settings for User Entity Instance: RegFile:registerFile ;
+----------------+-------+------------------------------------------+
; Parameter Name ; Value ; Type                                     ;
+----------------+-------+------------------------------------------+
; index          ; 4     ; Signed Integer                           ;
; width          ; 32    ; Signed Integer                           ;
; regnumer       ; 16    ; Signed Integer                           ;
+----------------+-------+------------------------------------------+
Note: In order to hide this table in the UI and the text report file, please set the "Show Parameter Settings in Synthesis Report" option in "Analysis and Synthesis Settings -> More Settings" to "Off".


+----------------------------------------------------------+
; Parameter Settings for User Entity Instance: ALU:mainALU ;
+----------------+-------+---------------------------------+
; Parameter Name ; Value ; Type                            ;
+----------------+-------+---------------------------------+
; ADD            ; 00000 ; Unsigned Binary                 ;
; SUB            ; 00001 ; Unsigned Binary                 ;
; AND            ; 00010 ; Unsigned Binary                 ;
; OR             ; 00011 ; Unsigned Binary                 ;
; XOR            ; 00100 ; Unsigned Binary                 ;
; NAND           ; 00101 ; Unsigned Binary                 ;
; NOR            ; 00110 ; Unsigned Binary                 ;
; XNOR           ; 00111 ; Unsigned Binary                 ;
; MVHI           ; 01000 ; Unsigned Binary                 ;
; F              ; 01001 ; Unsigned Binary                 ;
; EQ             ; 01010 ; Unsigned Binary                 ;
; LT             ; 01011 ; Unsigned Binary                 ;
; LTE            ; 01100 ; Unsigned Binary                 ;
; T              ; 01101 ; Unsigned Binary                 ;
; NE             ; 01110 ; Unsigned Binary                 ;
; GTE            ; 01111 ; Unsigned Binary                 ;
; GT             ; 10000 ; Unsigned Binary                 ;
; BEQZ           ; 10001 ; Unsigned Binary                 ;
; BLTZ           ; 10010 ; Unsigned Binary                 ;
; BLTEZ          ; 10011 ; Unsigned Binary                 ;
; BNEZ           ; 10100 ; Unsigned Binary                 ;
; BGTEZ          ; 10101 ; Unsigned Binary                 ;
; BGTZ           ; 10110 ; Unsigned Binary                 ;
; data_width     ; 32    ; Signed Integer                  ;
+----------------+-------+---------------------------------+
Note: In order to hide this table in the UI and the text report file, please set the "Show Parameter Settings in Synthesis Report" option in "Analysis and Synthesis Settings -> More Settings" to "Off".


+-----------------------------------------------------------------+
; Parameter Settings for User Entity Instance: DataMemory:comb_38 ;
+---------------------+-----------+-------------------------------+
; Parameter Name      ; Value     ; Type                          ;
+---------------------+-----------+-------------------------------+
; MEM_INIT_FILE       ; Test2.mif ; String                        ;
; ADDR_BIT_WIDTH      ; 32        ; Signed Integer                ;
; DATA_BIT_WIDTH      ; 32        ; Signed Integer                ;
; TRUE_ADDR_BIT_WIDTH ; 11        ; Signed Integer                ;
; N_WORDS             ; 2048      ; Signed Integer                ;
+---------------------+-----------+-------------------------------+
Note: In order to hide this table in the UI and the text report file, please set the "Show Parameter Settings in Synthesis Report" option in "Analysis and Synthesis Settings -> More Settings" to "Off".


+----------------------------------------------------------------------------------------------------------------+
; Port Connectivity Checks: "DataMemory:comb_38"                                                                 ;
+------+--------+----------+-------------------------------------------------------------------------------------+
; Port ; Type   ; Severity ; Details                                                                             ;
+------+--------+----------+-------------------------------------------------------------------------------------+
; ledr ; Output ; Info     ; Connected to dangling logic. Logic that only feeds a dangling port will be removed. ;
; hex  ; Output ; Info     ; Connected to dangling logic. Logic that only feeds a dangling port will be removed. ;
+------+--------+----------+-------------------------------------------------------------------------------------+


+-----------------------------------------------+
; Port Connectivity Checks: "Adder:pcadder"     ;
+-------------+-------+----------+--------------+
; Port        ; Type  ; Severity ; Details      ;
+-------------+-------+----------+--------------+
; src1[31..3] ; Input ; Info     ; Stuck at GND ;
; src1[1..0]  ; Input ; Info     ; Stuck at GND ;
; src1[2]     ; Input ; Info     ; Stuck at VCC ;
+-------------+-------+----------+--------------+


+----------------------------------------------------------------------------------------------------------------+
; Port Connectivity Checks: "Multiplexer:alumux"                                                                 ;
+------+--------+----------+-------------------------------------------------------------------------------------+
; Port ; Type   ; Severity ; Details                                                                             ;
+------+--------+----------+-------------------------------------------------------------------------------------+
; out  ; Output ; Info     ; Connected to dangling logic. Logic that only feeds a dangling port will be removed. ;
+------+--------+----------+-------------------------------------------------------------------------------------+


+-----------------------------------------+
; Port Connectivity Checks: "Register:pc" ;
+-------+-------+----------+--------------+
; Port  ; Type  ; Severity ; Details      ;
+-------+-------+----------+--------------+
; wrtEn ; Input ; Info     ; Stuck at VCC ;
+-------+-------+----------+--------------+


+-------------------------------+
; Elapsed Time Per Partition    ;
+----------------+--------------+
; Partition Name ; Elapsed Time ;
+----------------+--------------+
; Top            ; 00:00:00     ;
+----------------+--------------+


+-------------------------------+
; Analysis & Synthesis Messages ;
+-------------------------------+
Info: *******************************************************************
Info: Running Quartus II 64-Bit Analysis & Synthesis
    Info: Version 13.0.1 Build 232 06/12/2013 Service Pack 1 SJ Web Edition
    Info: Processing started: Tue Nov 01 20:45:38 2016
Info: Command: quartus_map --read_settings_files=on --write_settings_files=off Project2 -c Project2
Warning (20028): Parallel compilation is not licensed and has been disabled
Info (12021): Found 1 design units, including 1 entities, in source file signextension.v
    Info (12023): Found entity 1: SignExtension
Info (12021): Found 1 design units, including 1 entities, in source file sevenseg.v
    Info (12023): Found entity 1: SevenSeg
Info (12021): Found 1 design units, including 1 entities, in source file register.v
    Info (12023): Found entity 1: Register
Info (12021): Found 1 design units, including 1 entities, in source file project2.v
    Info (12023): Found entity 1: Project2
Info (12021): Found 1 design units, including 1 entities, in source file instmemory.v
    Info (12023): Found entity 1: InstMemory
Info (12021): Found 1 design units, including 1 entities, in source file datamemory.v
    Info (12023): Found entity 1: DataMemory
Info (12021): Found 1 design units, including 1 entities, in source file clockdivider.v
    Info (12023): Found entity 1: ClockDivider
Info (12021): Found 1 design units, including 1 entities, in source file alu.v
    Info (12023): Found entity 1: ALU
Info (12021): Found 1 design units, including 1 entities, in source file testalu.v
    Info (12023): Found entity 1: TestALU
Info (12021): Found 1 design units, including 1 entities, in source file controller.v
    Info (12023): Found entity 1: Controller
Info (12021): Found 1 design units, including 1 entities, in source file testcontroller.v
    Info (12023): Found entity 1: TestController
Info (12021): Found 1 design units, including 1 entities, in source file multiplexer.v
    Info (12023): Found entity 1: Multiplexer
Info (12021): Found 1 design units, including 1 entities, in source file adder.v
    Info (12023): Found entity 1: Adder
Info (12021): Found 1 design units, including 1 entities, in source file leftshift.v
    Info (12023): Found entity 1: LeftShift
Info (12021): Found 1 design units, including 1 entities, in source file regfile.v
    Info (12023): Found entity 1: RegFile
Info (12021): Found 1 design units, including 1 entities, in source file branchpicker.v
    Info (12023): Found entity 1: BranchPicker
Warning (12019): Can't analyze file -- file dec2_7seg.v is missing
Warning (10236): Verilog HDL Implicit Net warning at Project2.v(40): created implicit net for "lock"
Critical Warning (10846): Verilog HDL Instantiation warning at Project2.v(128): instance has no name
Critical Warning (10846): Verilog HDL Instantiation warning at Project2.v(129): instance has no name
Critical Warning (10846): Verilog HDL Instantiation warning at Project2.v(130): instance has no name
Critical Warning (10846): Verilog HDL Instantiation warning at Project2.v(131): instance has no name
Critical Warning (10846): Verilog HDL Instantiation warning at Project2.v(132): instance has no name
Info (12127): Elaborating entity "Project2" for the top level hierarchy
Warning (10034): Output port "LEDR[9..1]" at Project2.v(5) has no driver
Info (12128): Elaborating entity "ClockDivider" for hierarchy "ClockDivider:clk_divider"
Warning (10230): Verilog HDL assignment warning at ClockDivider.v(22): truncated value with size 32 to match size of target (27)
Warning (10034): Output port "locked" at ClockDivider.v(6) has no driver
Info (12128): Elaborating entity "Register" for hierarchy "Register:pc"
Info (12128): Elaborating entity "InstMemory" for hierarchy "InstMemory:instMem"
Warning (10858): Verilog HDL warning at InstMemory.v(11): object data used but never assigned
Info (12128): Elaborating entity "Controller" for hierarchy "Controller:control"
Warning (10272): Verilog HDL Case Statement warning at Controller.v(305): case item expression covers a value already covered by a previous case item
Info (12128): Elaborating entity "Multiplexer" for hierarchy "Multiplexer:alumux"
Info (12128): Elaborating entity "Adder" for hierarchy "Adder:pcadder"
Info (12128): Elaborating entity "BranchPicker" for hierarchy "BranchPicker:brpick"
Warning (10240): Verilog HDL Always Construct warning at BranchPicker.v(7): inferring latch(es) for variable "out", which holds its previous value in one or more paths through the always construct
Info (10041): Inferred latch for "out[0]" at BranchPicker.v(10)
Info (10041): Inferred latch for "out[1]" at BranchPicker.v(10)
Info (10041): Inferred latch for "out[2]" at BranchPicker.v(10)
Info (10041): Inferred latch for "out[3]" at BranchPicker.v(10)
Info (10041): Inferred latch for "out[4]" at BranchPicker.v(10)
Info (10041): Inferred latch for "out[5]" at BranchPicker.v(10)
Info (10041): Inferred latch for "out[6]" at BranchPicker.v(10)
Info (10041): Inferred latch for "out[7]" at BranchPicker.v(10)
Info (10041): Inferred latch for "out[8]" at BranchPicker.v(10)
Info (10041): Inferred latch for "out[9]" at BranchPicker.v(10)
Info (10041): Inferred latch for "out[10]" at BranchPicker.v(10)
Info (10041): Inferred latch for "out[11]" at BranchPicker.v(10)
Info (10041): Inferred latch for "out[12]" at BranchPicker.v(10)
Info (10041): Inferred latch for "out[13]" at BranchPicker.v(10)
Info (10041): Inferred latch for "out[14]" at BranchPicker.v(10)
Info (10041): Inferred latch for "out[15]" at BranchPicker.v(10)
Info (10041): Inferred latch for "out[16]" at BranchPicker.v(10)
Info (10041): Inferred latch for "out[17]" at BranchPicker.v(10)
Info (10041): Inferred latch for "out[18]" at BranchPicker.v(10)
Info (10041): Inferred latch for "out[19]" at BranchPicker.v(10)
Info (10041): Inferred latch for "out[20]" at BranchPicker.v(10)
Info (10041): Inferred latch for "out[21]" at BranchPicker.v(10)
Info (10041): Inferred latch for "out[22]" at BranchPicker.v(10)
Info (10041): Inferred latch for "out[23]" at BranchPicker.v(10)
Info (10041): Inferred latch for "out[24]" at BranchPicker.v(10)
Info (10041): Inferred latch for "out[25]" at BranchPicker.v(10)
Info (10041): Inferred latch for "out[26]" at BranchPicker.v(10)
Info (10041): Inferred latch for "out[27]" at BranchPicker.v(10)
Info (10041): Inferred latch for "out[28]" at BranchPicker.v(10)
Info (10041): Inferred latch for "out[29]" at BranchPicker.v(10)
Info (10041): Inferred latch for "out[30]" at BranchPicker.v(10)
Info (10041): Inferred latch for "out[31]" at BranchPicker.v(10)
Info (12128): Elaborating entity "LeftShift" for hierarchy "LeftShift:lshift"
Info (12128): Elaborating entity "SignExtension" for hierarchy "SignExtension:sext"
Info (12128): Elaborating entity "RegFile" for hierarchy "RegFile:registerFile"
Info (12128): Elaborating entity "ALU" for hierarchy "ALU:mainALU"
Warning (10240): Verilog HDL Always Construct warning at ALU.v(14): inferring latch(es) for variable "compcalc", which holds its previous value in one or more paths through the always construct
Info (10041): Inferred latch for "compcalc" at ALU.v(14)
Info (12128): Elaborating entity "DataMemory" for hierarchy "DataMemory:comb_38"
Warning (10230): Verilog HDL assignment warning at DataMemory.v(38): truncated value with size 12 to match size of target (11)
Warning (12125): Using design file hex2_7seg.v, which is not specified as a design file for the current project, but contains definitions for 1 design units and 1 entities in project
    Info (12023): Found entity 1: hex2_7seg
Info (12128): Elaborating entity "hex2_7seg" for hierarchy "hex2_7seg:comb_39"
Warning (13024): Output pins are stuck at VCC or GND
    Warning (13410): Pin "LEDR[1]" is stuck at GND
    Warning (13410): Pin "LEDR[2]" is stuck at GND
    Warning (13410): Pin "LEDR[3]" is stuck at GND
    Warning (13410): Pin "LEDR[4]" is stuck at GND
    Warning (13410): Pin "LEDR[5]" is stuck at GND
    Warning (13410): Pin "LEDR[6]" is stuck at GND
    Warning (13410): Pin "LEDR[7]" is stuck at GND
    Warning (13410): Pin "LEDR[8]" is stuck at GND
    Warning (13410): Pin "LEDR[9]" is stuck at GND
    Warning (13410): Pin "HEX0[0]" is stuck at VCC
    Warning (13410): Pin "HEX0[1]" is stuck at GND
    Warning (13410): Pin "HEX0[2]" is stuck at GND
    Warning (13410): Pin "HEX0[3]" is stuck at VCC
    Warning (13410): Pin "HEX0[4]" is stuck at VCC
    Warning (13410): Pin "HEX0[5]" is stuck at GND
    Warning (13410): Pin "HEX0[6]" is stuck at GND
    Warning (13410): Pin "HEX1[0]" is stuck at GND
    Warning (13410): Pin "HEX1[1]" is stuck at GND
    Warning (13410): Pin "HEX1[2]" is stuck at GND
    Warning (13410): Pin "HEX1[3]" is stuck at GND
    Warning (13410): Pin "HEX1[4]" is stuck at GND
    Warning (13410): Pin "HEX1[5]" is stuck at GND
    Warning (13410): Pin "HEX1[6]" is stuck at VCC
    Warning (13410): Pin "HEX2[0]" is stuck at GND
    Warning (13410): Pin "HEX2[1]" is stuck at GND
    Warning (13410): Pin "HEX2[2]" is stuck at GND
    Warning (13410): Pin "HEX2[3]" is stuck at GND
    Warning (13410): Pin "HEX2[4]" is stuck at GND
    Warning (13410): Pin "HEX2[5]" is stuck at GND
    Warning (13410): Pin "HEX2[6]" is stuck at VCC
    Warning (13410): Pin "HEX3[0]" is stuck at GND
    Warning (13410): Pin "HEX3[1]" is stuck at GND
    Warning (13410): Pin "HEX3[2]" is stuck at GND
    Warning (13410): Pin "HEX3[3]" is stuck at GND
    Warning (13410): Pin "HEX3[4]" is stuck at GND
    Warning (13410): Pin "HEX3[5]" is stuck at GND
    Warning (13410): Pin "HEX3[6]" is stuck at VCC
Info (286030): Timing-Driven Synthesis is running
Info (17049): 75 registers lost all their fanouts during netlist optimizations.
Warning (20013): Ignored assignments for entity "DE0_CV" -- entity does not exist in design
    Warning (20014): Assignment for entity set_instance_assignment -name CURRENT_STRENGTH_NEW "MINIMUM CURRENT" -to VGA_* -entity DE0_CV was ignored
    Warning (20014): Assignment for entity set_instance_assignment -name PARTITION_HIERARCHY root_partition -to | -entity DE0_CV -section_id Top was ignored
    Warning (20014): Assignment for entity set_global_assignment -name PARTITION_NETLIST_TYPE SOURCE -entity DE0_CV -section_id Top was ignored
    Warning (20014): Assignment for entity set_global_assignment -name PARTITION_FITTER_PRESERVATION_LEVEL PLACEMENT_AND_ROUTING -entity DE0_CV -section_id Top was ignored
    Warning (20014): Assignment for entity set_global_assignment -name PARTITION_PRESERVE_HIGH_SPEED_TILES ON -entity DE0_CV -section_id Top was ignored
    Warning (20014): Assignment for entity set_global_assignment -name PARTITION_IGNORE_SOURCE_FILE_CHANGES OFF -entity DE0_CV -section_id Top was ignored
    Warning (20014): Assignment for entity set_global_assignment -name PARTITION_ALWAYS_USE_QXP_NETLIST OFF -entity DE0_CV -section_id Top was ignored
    Warning (20014): Assignment for entity set_global_assignment -name PARTITION_COLOR 16764057 -entity DE0_CV -section_id Top was ignored
    Warning (20014): Assignment for entity set_global_assignment -name PARTITION_IMPORT_ASSIGNMENTS ON -entity DE0_CV -section_id Top was ignored
    Warning (20014): Assignment for entity set_global_assignment -name PARTITION_IMPORT_EXISTING_ASSIGNMENTS REPLACE_CONFLICTING -entity DE0_CV -section_id Top was ignored
    Warning (20014): Assignment for entity set_global_assignment -name PARTITION_IMPORT_EXISTING_LOGICLOCK_REGIONS UPDATE_CONFLICTING -entity DE0_CV -section_id Top was ignored
    Warning (20014): Assignment for entity set_global_assignment -name PARTITION_IMPORT_PIN_ASSIGNMENTS ON -entity DE0_CV -section_id Top was ignored
    Warning (20014): Assignment for entity set_global_assignment -name PARTITION_IMPORT_PROMOTE_ASSIGNMENTS ON -entity DE0_CV -section_id Top was ignored
    Warning (20014): Assignment for entity set_global_assignment -name PARTITION_TYPE STANDARD_PARTITION -entity DE0_CV -section_id Top was ignored
    Warning (20014): Assignment for entity set_global_assignment -name ALLOW_MULTIPLE_PERSONAS OFF -entity DE0_CV -section_id Top was ignored
    Warning (20014): Assignment for entity set_global_assignment -name PARTITION_ASD_REGION_ID 1 -entity DE0_CV -section_id Top was ignored
    Warning (20014): Assignment for entity set_global_assignment -name CROSS_BOUNDARY_OPTIMIZATIONS OFF -entity DE0_CV -section_id Top was ignored
    Warning (20014): Assignment for entity set_global_assignment -name PROPAGATE_CONSTANTS_ON_INPUTS ON -entity DE0_CV -section_id Top was ignored
    Warning (20014): Assignment for entity set_global_assignment -name PROPAGATE_INVERSIONS_ON_INPUTS ON -entity DE0_CV -section_id Top was ignored
    Warning (20014): Assignment for entity set_global_assignment -name REMOVE_LOGIC_ON_UNCONNECTED_OUTPUTS ON -entity DE0_CV -section_id Top was ignored
    Warning (20014): Assignment for entity set_global_assignment -name MERGE_EQUIVALENT_INPUTS ON -entity DE0_CV -section_id Top was ignored
    Warning (20014): Assignment for entity set_global_assignment -name MERGE_EQUIVALENT_BIDIRS ON -entity DE0_CV -section_id Top was ignored
    Warning (20014): Assignment for entity set_global_assignment -name ABSORB_PATHS_FROM_OUTPUTS_TO_INPUTS ON -entity DE0_CV -section_id Top was ignored
    Warning (20014): Assignment for entity set_global_assignment -name PARTITION_EXTRACT_HARD_BLOCK_NODES ON -entity DE0_CV -section_id Top was ignored
Info (16010): Generating hard_block partition "hard_block:auto_generated_inst"
    Info (16011): Adding 0 node(s), including 0 DDIO, 0 PLL, 0 transceiver and 0 LCELL
Warning (21074): Design contains 14 input pin(s) that do not drive logic
    Warning (15610): No output dependent on input pin "SW[0]"
    Warning (15610): No output dependent on input pin "SW[1]"
    Warning (15610): No output dependent on input pin "SW[2]"
    Warning (15610): No output dependent on input pin "SW[3]"
    Warning (15610): No output dependent on input pin "SW[4]"
    Warning (15610): No output dependent on input pin "SW[5]"
    Warning (15610): No output dependent on input pin "SW[6]"
    Warning (15610): No output dependent on input pin "SW[7]"
    Warning (15610): No output dependent on input pin "SW[8]"
    Warning (15610): No output dependent on input pin "SW[9]"
    Warning (15610): No output dependent on input pin "KEY[0]"
    Warning (15610): No output dependent on input pin "KEY[1]"
    Warning (15610): No output dependent on input pin "KEY[2]"
    Warning (15610): No output dependent on input pin "KEY[3]"
Info (21057): Implemented 87 device resources after synthesis - the final resource count might be different
    Info (21058): Implemented 15 input pins
    Info (21059): Implemented 38 output pins
    Info (21061): Implemented 34 logic cells
Info: Quartus II 64-Bit Analysis & Synthesis was successful. 0 errors, 95 warnings
    Info: Peak virtual memory: 539 megabytes
    Info: Processing ended: Tue Nov 01 20:45:41 2016
    Info: Elapsed time: 00:00:03
    Info: Total CPU time (on all processors): 00:00:03


